<?xml version="1.0" encoding="UTF-8"?>
<!-- Generated by org.testng.reporters.JUnitXMLReporter -->
<testsuite ignored="0" hostname="Million-Plano" failures="1" tests="14" name="Default test" time="188.588" errors="0" timestamp="13 Jun 2019 15:23:31 GMT">
  <testcase classname="com.companya.tcuv.SearchInventory" name="zipModalTest" time="5.913"/>
  <testcase classname="com.companya.tcuv.SearchInventory" name="inventoryPageLoadTest" time="10.637"/>
  <testcase classname="com.companya.tcuv.SearchInventory" name="inventoryPageHeaderTest" time="38.357"/>
  <testcase classname="com.companya.tcuv.SearchInventory" name="inventoryFilterResultsLabelTest" time="2.402"/>
  <testcase classname="com.companya.tcuv.SearchInventory" name="inventoryFilterResultsModelTest" time="53.914"/>
  <testcase classname="com.companya.tcuv.SearchInventory" name="inventoryFilterResultsPriceRangeTest" time="3.313"/>
  <testcase classname="com.companya.tcuv.SearchInventory" name="inventoryFilterResultsModelYearTest" time="3.347"/>
  <testcase classname="com.companya.tcuv.SearchInventory" name="inventoryFilterResultsMileageTest" time="3.366"/>
  <testcase classname="com.companya.tcuv.SearchInventory" name="inventoryFilterResultsUpdateCTATest" time="36.71">
    <failure type="org.openqa.selenium.NoSuchElementException" message="Cannot locate element with text: 2012
For documentation on this error, please visit: http://seleniumhq.org/exceptions/no_such_element.html
Build info: version: &amp;apos;3.12.0&amp;apos;, revision: &amp;apos;7c6e0b3&amp;apos;, time: &amp;apos;2018-05-08T14:04:26.12Z&amp;apos;
System info: host: &amp;apos;MILLION-PLANO&amp;apos;, ip: &amp;apos;192.168.0.6&amp;apos;, os.name: &amp;apos;Windows 10&amp;apos;, os.arch: &amp;apos;amd64&amp;apos;, os.version: &amp;apos;10.0&amp;apos;, java.version: &amp;apos;11.0.3&amp;apos;
Driver info: driver.version: unknown">
      <![CDATA[org.openqa.selenium.NoSuchElementException: Cannot locate element with text: 2012
For documentation on this error, please visit: http://seleniumhq.org/exceptions/no_such_element.html
Build info: version: '3.12.0', revision: '7c6e0b3', time: '2018-05-08T14:04:26.12Z'
System info: host: 'MILLION-PLANO', ip: '192.168.0.6', os.name: 'Windows 10', os.arch: 'amd64', os.version: '10.0', java.version: '11.0.3'
Driver info: driver.version: unknown
at org.openqa.selenium.support.ui.Select.selectByVisibleText(Select.java:151)
at com.companya.tcuv.SearchInventory.inventoryFilterResultsUpdateCTATest(SearchInventory.java:621)
at java.base/jdk.internal.reflect.NativeMethodAccessorImpl.invoke0(Native Method)
at java.base/jdk.internal.reflect.NativeMethodAccessorImpl.invoke(NativeMethodAccessorImpl.java:62)
at java.base/jdk.internal.reflect.DelegatingMethodAccessorImpl.invoke(DelegatingMethodAccessorImpl.java:43)
at java.base/java.lang.reflect.Method.invoke(Method.java:566)
at org.testng.internal.MethodInvocationHelper.invokeMethod(MethodInvocationHelper.java:124)
at org.testng.internal.Invoker.invokeMethod(Invoker.java:583)
at org.testng.internal.Invoker.invokeTestMethod(Invoker.java:719)
at org.testng.internal.Invoker.invokeTestMethods(Invoker.java:989)
at org.testng.internal.TestMethodWorker.invokeTestMethods(TestMethodWorker.java:125)
at org.testng.internal.TestMethodWorker.run(TestMethodWorker.java:109)
at org.testng.TestRunner.privateRun(TestRunner.java:648)
at org.testng.TestRunner.run(TestRunner.java:505)
at org.testng.SuiteRunner.runTest(SuiteRunner.java:455)
at org.testng.SuiteRunner.runSequentially(SuiteRunner.java:450)
at org.testng.SuiteRunner.privateRun(SuiteRunner.java:415)
at org.testng.SuiteRunner.run(SuiteRunner.java:364)
at org.testng.SuiteRunnerWorker.runSuite(SuiteRunnerWorker.java:52)
at org.testng.SuiteRunnerWorker.run(SuiteRunnerWorker.java:84)
at org.testng.TestNG.runSuitesSequentially(TestNG.java:1208)
at org.testng.TestNG.runSuitesLocally(TestNG.java:1137)
at org.testng.TestNG.runSuites(TestNG.java:1049)
at org.testng.TestNG.run(TestNG.java:1017)
at org.testng.remote.AbstractRemoteTestNG.run(AbstractRemoteTestNG.java:115)
at org.testng.remote.RemoteTestNG.initAndRun(RemoteTestNG.java:251)
at org.testng.remote.RemoteTestNG.main(RemoteTestNG.java:77)
]]>
    </failure>
  </testcase> <!-- inventoryFilterResultsUpdateCTATest -->
  <testcase classname="com.companya.tcuv.SearchInventory" name="inventoryFilterListMoreDealerTest" time="3.791"/>
  <testcase classname="com.companya.tcuv.SearchInventory" name="inventoryFilterListMoreTrimTest" time="3.732"/>
  <testcase classname="com.companya.tcuv.SearchInventory" name="inventoryFilterListMoreExteriorColorTest" time="3.769"/>
  <testcase classname="com.companya.tcuv.SearchInventory" name="inventoryFilterListMoreInteriorColorTest" time="3.737"/>
  <testcase classname="com.companya.tcuv.SearchInventory" name="inventoryFilterListMoreDrivetrainTest" time="6.772"/>
</testsuite> <!-- Default test -->
