<?xml version="1.0" encoding="UTF-8"?>
<!-- Generated by org.testng.reporters.JUnitXMLReporter -->
<testsuite ignored="14" hostname="Million-Plano" failures="2" tests="52" name="Test" time="887.864" errors="0" timestamp="13 Jun 2019 15:08:31 GMT">
  <testcase classname="com.companya.tcuv.HomePageTest" name="homePageLoadTest" time="4.141"/>
  <testcase classname="com.companya.tcuv.HomePageTest" name="utilityNavbarTest" time="2.129"/>
  <testcase classname="com.companya.tcuv.HomePageTest" name="zipModalTest" time="5.714"/>
  <testcase classname="com.companya.tcuv.HomePageTest" name="toyotaUtilityTest" time="7.266"/>
  <testcase classname="com.companya.tcuv.HomePageTest" name="espanolUtilityTest" time="12.797"/>
  <testcase classname="com.companya.tcuv.HomePageTest" name="primaryNavbarTest" time="4.207"/>
  <testcase classname="com.companya.tcuv.HomePageTest" name="vehiclesNavbarTest" time="17.844"/>
  <testcase classname="com.companya.tcuv.HomePageTest" name="shoppingToolsNavbarTest" time="7.953"/>
  <testcase classname="com.companya.tcuv.HomePageTest" name="certifiedProgramNavbarTest" time="7.896"/>
  <testcase classname="com.companya.tcuv.HomePageTest" name="faqNavbarTest" time="9.345"/>
  <testcase classname="com.companya.tcuv.HomePageTest" name="searchInventoryNavbarTest" time="10.421"/>
  <testcase classname="com.companya.tcuv.HomePageTest" name="homeCarouselTest" time="10.675"/>
  <testcase classname="com.companya.tcuv.HomePageTest" name="searchVehicleCTAOnCarouselTest" time="9.899"/>
  <testcase classname="com.companya.tcuv.HomePageTest" name="homeCard1Test" time="7.635"/>
  <testcase classname="com.companya.tcuv.HomePageTest" name="disclaimerOnHomeCardTest" time="19.635"/>
  <testcase classname="com.companya.tcuv.HomePageTest" name="localSpecialsHomeCardTest" time="8.373"/>
  <testcase classname="com.companya.tcuv.HomePageTest" name="certifiedVideoHomeCardTest" time="9.076"/>
  <testcase classname="com.companya.tcuv.FooterTest" name="zipModalTest" time="5.743"/>
  <testcase classname="com.companya.tcuv.FooterTest" name="footerVehiclesTest" time="45.114"/>
  <testcase classname="com.companya.tcuv.FooterTest" name="footerResourcesTest" time="66.694"/>
  <testcase classname="com.companya.tcuv.FooterTest" name="footerCertifiedProgramTest" time="41.088"/>
  <testcase classname="com.companya.tcuv.FooterTest" name="footerAboutToyotaTest" time="76.289"/>
  <testcase classname="com.companya.tcuv.FooterTest" name="appFooter" time="50.521"/>
  <testcase classname="com.companya.tcuv.FooterTest" name="secondaryFooter" time="27.078"/>
  <testcase classname="com.companya.tcuv.SearchInventory" name="zipModalTest" time="5.659"/>
  <testcase classname="com.companya.tcuv.SearchInventory" name="inventoryPageLoadTest" time="10.666"/>
  <testcase classname="com.companya.tcuv.SearchInventory" name="inventoryPageHeaderTest" time="37.805"/>
  <testcase classname="com.companya.tcuv.SearchInventory" name="inventoryFilterResultsLabelTest" time="2.389"/>
  <testcase classname="com.companya.tcuv.SearchInventory" name="inventoryFilterResultsModelTest" time="52.686"/>
  <testcase classname="com.companya.tcuv.SearchInventory" name="inventoryFilterResultsPriceRangeTest" time="3.414"/>
  <testcase classname="com.companya.tcuv.SearchInventory" name="inventoryFilterResultsModelYearTest" time="3.227">
    <failure type="java.lang.AssertionError" message="The following asserts failed:
	Check the Minimum year expected [true] but found [false]">
      <![CDATA[java.lang.AssertionError: The following asserts failed:
Check the Minimum year expected [true] but found [false]
at com.companya.tcuv.SearchInventory.inventoryFilterResultsModelYearTest(SearchInventory.java:549)
... Removed 26 stack frames]]>
    </failure>
  </testcase> <!-- inventoryFilterResultsModelYearTest -->
  <testcase classname="com.companya.tcuv.SearchInventory" name="inventoryFilterResultsMileageTest" time="3.305"/>
  <testcase classname="com.companya.tcuv.SearchInventory" name="inventoryFilterResultsUpdateCTATest" time="36.719">
    <failure type="org.openqa.selenium.NoSuchElementException" message="Cannot locate element with text: 2012
For documentation on this error, please visit: http://seleniumhq.org/exceptions/no_such_element.html
Build info: version: &amp;apos;3.12.0&amp;apos;, revision: &amp;apos;7c6e0b3&amp;apos;, time: &amp;apos;2018-05-08T14:04:26.12Z&amp;apos;
System info: host: &amp;apos;MILLION-PLANO&amp;apos;, ip: &amp;apos;192.168.0.6&amp;apos;, os.name: &amp;apos;Windows 10&amp;apos;, os.arch: &amp;apos;amd64&amp;apos;, os.version: &amp;apos;10.0&amp;apos;, java.version: &amp;apos;11.0.3&amp;apos;
Driver info: driver.version: unknown">
      <![CDATA[org.openqa.selenium.NoSuchElementException: Cannot locate element with text: 2012
For documentation on this error, please visit: http://seleniumhq.org/exceptions/no_such_element.html
Build info: version: '3.12.0', revision: '7c6e0b3', time: '2018-05-08T14:04:26.12Z'
System info: host: 'MILLION-PLANO', ip: '192.168.0.6', os.name: 'Windows 10', os.arch: 'amd64', os.version: '10.0', java.version: '11.0.3'
Driver info: driver.version: unknown
at org.openqa.selenium.support.ui.Select.selectByVisibleText(Select.java:151)
at com.companya.tcuv.SearchInventory.inventoryFilterResultsUpdateCTATest(SearchInventory.java:621)
... Removed 25 stack frames]]>
    </failure>
  </testcase> <!-- inventoryFilterResultsUpdateCTATest -->
  <testcase classname="com.companya.tcuv.SearchInventory" name="inventoryFilterListMoreDealerTest" time="3.772"/>
  <testcase classname="com.companya.tcuv.SearchInventory" name="inventoryFilterListMoreTrimTest" time="3.803"/>
  <testcase classname="com.companya.tcuv.SearchInventory" name="inventoryFilterListMoreExteriorColorTest" time="3.78"/>
  <testcase classname="com.companya.tcuv.SearchInventory" name="inventoryFilterListMoreInteriorColorTest" time="3.763"/>
  <testcase classname="com.companya.tcuv.SearchInventory" name="inventoryFilterListMoreDrivetrainTest" time="6.737"/>
  <testcase classname="com.companya.tcuv.VehicleTile" name="zipModalTest" time="5.774"/>
  <testcase classname="com.companya.tcuv.VehicleTile" name="inventoryPageLoadTest" time="10.364"/>
  <testcase classname="com.companya.tcuv.VehicleTile" name="inventoryDetailPageTest" time="10.637"/>
  <testcase classname="com.companya.tcuv.VehicleTile" name="inventoryVehicleTileCarFaxLogoTest" time="2.064"/>
  <testcase classname="com.companya.tcuv.VehicleTile" name="inventoryVehicleTileDropdownToggleTest" time="47.086"/>
  <testcase classname="com.companya.tcuv.LocalSpecials" name="localSpecialsPageLoadTest" time="20.494"/>
  <testcase classname="com.companya.tcuv.FindaDealer" name="zipModalTest" time="5.998"/>
  <testcase classname="com.companya.tcuv.FindaDealer" name="dealerPageLoadTest" time="10.397"/>
  <testcase classname="com.companya.tcuv.FindaDealer" name="zipChangeOnDealersListTest" time="8.073"/>
  <testcase classname="com.companya.tcuv.FindaDealer" name="dealersDetailTest" time="24.724"/>
  <testcase classname="com.companya.tcuv.FindaDealer" name="dealersListContactTest" time="8.564"/>
  <testcase classname="com.companya.tcuv.FindaDealer" name="dealersListChatTest" time="10.06"/>
  <testcase classname="com.companya.tcuv.FindaDealer" name="dealersMapLocatorTest" time="6.804"/>
  <testcase classname="com.companya.tcuv.FindaDealer" name="dealersListInventoryTest" time="8.227"/>
  <testcase classname="com.companya.tcuv.VehicleTile" name="inventoryVehicleTileContactDealerTest" time="0.0">
    <ignored/>
  </testcase> <!-- inventoryVehicleTileContactDealerTest -->
  <testcase classname="com.companya.tcuv.TCUVTestBase" name="@BeforeSuite beforeStart" time="0.0">
    <ignored/>
  </testcase> <!-- @BeforeSuite beforeStart -->
  <testcase classname="com.companya.tcuv.TCUVTestBase" name="@BeforeSuite beforeStart" time="0.0">
    <ignored/>
  </testcase> <!-- @BeforeSuite beforeStart -->
  <testcase classname="com.companya.tcuv.TCUVTestBase" name="@BeforeSuite beforeStart" time="0.0">
    <ignored/>
  </testcase> <!-- @BeforeSuite beforeStart -->
  <testcase classname="com.companya.tcuv.TCUVTestBase" name="@BeforeSuite beforeStart" time="0.0">
    <ignored/>
  </testcase> <!-- @BeforeSuite beforeStart -->
  <testcase classname="com.companya.tcuv.TCUVTestBase" name="@BeforeSuite beforeStart" time="0.0">
    <ignored/>
  </testcase> <!-- @BeforeSuite beforeStart -->
  <testcase classname="com.companya.tcuv.TCUVTestBase" name="@AfterSuite afterSuite" time="0.0">
    <ignored/>
  </testcase> <!-- @AfterSuite afterSuite -->
  <testcase classname="com.companya.tcuv.TCUVTestBase" name="@AfterSuite afterSuite" time="0.0">
    <ignored/>
  </testcase> <!-- @AfterSuite afterSuite -->
  <testcase classname="com.companya.tcuv.TCUVTestBase" name="@AfterSuite afterSuite" time="0.0">
    <ignored/>
  </testcase> <!-- @AfterSuite afterSuite -->
  <testcase classname="com.companya.tcuv.TCUVTestBase" name="@AfterSuite afterSuite" time="0.0">
    <ignored/>
  </testcase> <!-- @AfterSuite afterSuite -->
  <testcase classname="com.companya.tcuv.TCUVTestBase" name="@AfterSuite afterSuite" time="0.0">
    <ignored/>
  </testcase> <!-- @AfterSuite afterSuite -->
  <testcase classname="com.companya.tcuv.VehicleTile" name="inventoryVehicleTileViewDealerInventoryTest" time="0.0">
    <ignored/>
  </testcase> <!-- inventoryVehicleTileViewDealerInventoryTest -->
  <testcase classname="com.companya.tcuv.HomePageTest" name="findDealerNavbarTest" time="0.0">
    <ignored/>
  </testcase> <!-- findDealerNavbarTest -->
  <testcase classname="com.companya.tcuv.VehicleTile" name="inventoryVehicleTileChatWithDealerTest" time="0.0">
    <ignored/>
  </testcase> <!-- inventoryVehicleTileChatWithDealerTest -->
</testsuite> <!-- Test -->
